This is pdfTeX, Version 3.141592653-2.6-1.40.29 (TeX Live 2026) (preloaded format=pdflatex 2026.5.25)  25 MAY 2026 13:07
entering extended mode
 restricted \write18 enabled.
 file:line:error style messages enabled.
 %&-line parsing enabled.
**/home/bertv/github/GLM-workshop/1Monday/IntroLM.tex
(/home/bertv/github/GLM-workshop/1Monday/IntroLM.tex
LaTeX2e <2025-11-01>
L3 programming layer <2026-05-15>
(/home/bertv/.TinyTeX/texmf-dist/tex/latex/beamer/beamer.cls
Document Class: beamer 2026/01/22 v3.77 A class for typesetting presentations
(/home/bertv/.TinyTeX/texmf-dist/tex/latex/beamer/beamerbasemodes.sty (/home/bertv/.TinyTeX/texmf-dist/tex/latex/etoolbox/etoolbox.sty
Package: etoolbox 2025/10/02 v2.5m e-TeX tools for LaTeX (JAW)
\etb@tempcnta=\count276
)
\beamer@tempbox=\box53
\beamer@tempcount=\count277
\c@beamerpauses=\count278
 (/home/bertv/.TinyTeX/texmf-dist/tex/latex/beamer/beamerbasedecode.sty
\beamer@slideinframe=\count279
\beamer@minimum=\count280
\beamer@decode@box=\box54
)
\beamer@commentbox=\box55
\beamer@modecount=\count281
) (/home/bertv/.TinyTeX/texmf-dist/tex/generic/iftex/iftex.sty
Package: iftex 2024/12/12 v1.0g TeX engine tests
)
\headdp=\dimen150
\footheight=\dimen151
\sidebarheight=\dimen152
\beamer@tempdim=\dimen153
\beamer@finalheight=\dimen154
\beamer@animht=\dimen155
\beamer@animdp=\dimen156
\beamer@animwd=\dimen157
\beamer@leftmargin=\dimen158
\beamer@rightmargin=\dimen159
\beamer@leftsidebar=\dimen160
\beamer@rightsidebar=\dimen161
\beamer@boxsize=\dimen162
\beamer@vboxoffset=\dimen163
\beamer@descdefault=\dimen164
\beamer@descriptionwidth=\dimen165
\beamer@lastskip=\skip49
\beamer@areabox=\box56
\beamer@animcurrent=\box57
\beamer@animshowbox=\box58
\beamer@sectionbox=\box59
\beamer@logobox=\box60
\beamer@linebox=\box61
\beamer@sectioncount=\count282
\beamer@subsubsectionmax=\count283
\beamer@subsectionmax=\count284
\beamer@sectionmax=\count285
\beamer@totalheads=\count286
\beamer@headcounter=\count287
\beamer@partstartpage=\count288
\beamer@sectionstartpage=\count289
\beamer@subsectionstartpage=\count290
\beamer@animationtempa=\count291
\beamer@animationtempb=\count292
\beamer@xpos=\count293
\beamer@ypos=\count294
\beamer@ypos@offset=\count295
\beamer@showpartnumber=\count296
\beamer@currentsubsection=\count297
\beamer@coveringdepth=\count298
\beamer@sectionadjust=\count299
\beamer@toclastsection=\count300
\beamer@tocsectionnumber=\count301
 (/home/bertv/.TinyTeX/texmf-dist/tex/latex/beamer/beamerbaseoptions.sty (/home/bertv/.TinyTeX/texmf-dist/tex/latex/graphics/keyval.sty
Package: keyval 2022/05/29 v1.15 key=value parser (DPC)
\KV@toks@=\toks17
))
\beamer@paperwidth=\skip50
\beamer@paperheight=\skip51
 (/home/bertv/.TinyTeX/texmf-dist/tex/latex/geometry/geometry.sty
Package: geometry 2026/03/07 v6.0 Page Geometry
 (/home/bertv/.TinyTeX/texmf-dist/tex/generic/iftex/ifvtex.sty
Package: ifvtex 2019/10/25 v1.7 ifvtex legacy package. Use iftex instead.
)
\Gm@cnth=\count302
\Gm@cntv=\count303
\c@Gm@tempcnt=\count304
\Gm@bindingoffset=\dimen166
\Gm@wd@mp=\dimen167
\Gm@odd@mp=\dimen168
\Gm@even@mp=\dimen169
\Gm@layoutwidth=\dimen170
\Gm@layoutheight=\dimen171
\Gm@layouthoffset=\dimen172
\Gm@layoutvoffset=\dimen173
\Gm@dimlist=\toks18
) (/home/bertv/.TinyTeX/texmf-dist/tex/latex/pgf/math/pgfmath.sty (/home/bertv/.TinyTeX/texmf-dist/tex/latex/pgf/utilities/pgfrcs.sty (/home/bertv/.TinyTeX/texmf-dist/tex/generic/pgf/utilities/pgfutil-common.tex
\pgfutil@everybye=\toks19
\pgfutil@tempdima=\dimen174
\pgfutil@tempdimb=\dimen175
) (/home/bertv/.TinyTeX/texmf-dist/tex/generic/pgf/utilities/pgfutil-latex.def
\pgfutil@abb=\box62
) (/home/bertv/.TinyTeX/texmf-dist/tex/generic/pgf/utilities/pgfrcs.code.tex (/home/bertv/.TinyTeX/texmf-dist/tex/generic/pgf/pgf.revision.tex)
Package: pgfrcs 2025-08-29 v3.1.11a (3.1.11a)
)) (/home/bertv/.TinyTeX/texmf-dist/tex/latex/pgf/utilities/pgfkeys.sty (/home/bertv/.TinyTeX/texmf-dist/tex/generic/pgf/utilities/pgfkeys.code.tex
\pgfkeys@pathtoks=\toks20
\pgfkeys@temptoks=\toks21
 (/home/bertv/.TinyTeX/texmf-dist/tex/generic/pgf/utilities/pgfkeyslibraryfiltered.code.tex
\pgfkeys@tmptoks=\toks22
))) (/home/bertv/.TinyTeX/texmf-dist/tex/generic/pgf/math/pgfmath.code.tex (/home/bertv/.TinyTeX/texmf-dist/tex/generic/pgf/math/pgfmathutil.code.tex
\pgf@x=\dimen176
\pgf@xa=\dimen177
\pgf@xb=\dimen178
\pgf@xc=\dimen179
\pgf@y=\dimen180
\pgf@ya=\dimen181
\pgf@yb=\dimen182
\pgf@yc=\dimen183
\c@pgf@counta=\count305
\c@pgf@countb=\count306
\c@pgf@countc=\count307
\c@pgf@countd=\count308
) (/home/bertv/.TinyTeX/texmf-dist/tex/generic/pgf/math/pgfmathparser.code.tex
\pgfmath@dimen=\dimen184
\pgfmath@count=\count309
\pgfmath@box=\box63
\pgfmath@toks=\toks23
\pgfmath@stack@operand=\toks24
\pgfmath@stack@operation=\toks25
) (/home/bertv/.TinyTeX/texmf-dist/tex/generic/pgf/math/pgfmathfunctions.code.tex) (/home/bertv/.TinyTeX/texmf-dist/tex/generic/pgf/math/pgfmathfunctions.basic.code.tex) (/home/bertv/.TinyTeX/texmf-dist/tex/generic/pgf/math/pgfmathfunctions.trigonometric.code.tex) (/home/bertv/.TinyTeX/texmf-dist/tex/generic/pgf/math/pgfmathfunctions.random.code.tex) (/home/bertv/.TinyTeX/texmf-dist/tex/generic/pgf/math/pgfmathfunctions.comparison.code.tex) (/home/bertv/.TinyTeX/texmf-dist/tex/generic/pgf/math/pgfmathfunctions.base.code.tex) (/home/bertv/.TinyTeX/texmf-dist/tex/generic/pgf/math/pgfmathfunctions.round.code.tex) (/home/bertv/.TinyTeX/texmf-dist/tex/generic/pgf/math/pgfmathfunctions.misc.code.tex) (/home/bertv/.TinyTeX/texmf-dist/tex/generic/pgf/math/pgfmathfunctions.integerarithmetics.code.tex) (/home/bertv/.TinyTeX/texmf-dist/tex/generic/pgf/math/pgfmathcalc.code.tex) (/home/bertv/.TinyTeX/texmf-dist/tex/generic/pgf/math/pgfmathfloat.code.tex
\c@pgfmathroundto@lastzeros=\count310
))) (/home/bertv/.TinyTeX/texmf-dist/tex/latex/base/size11.clo
File: size11.clo 2025/01/22 v1.4n Standard LaTeX file (size option)
) (/home/bertv/.TinyTeX/texmf-dist/tex/latex/pgf/basiclayer/pgfcore.sty (/home/bertv/.TinyTeX/texmf-dist/tex/latex/graphics/graphicx.sty
Package: graphicx 2024/12/31 v1.2e Enhanced LaTeX Graphics (DPC,SPQR)
 (/home/bertv/.TinyTeX/texmf-dist/tex/latex/graphics/graphics.sty
Package: graphics 2024/08/06 v1.4g Standard LaTeX Graphics (DPC,SPQR)
 (/home/bertv/.TinyTeX/texmf-dist/tex/latex/graphics/trig.sty
Package: trig 2023/12/02 v1.11 sin cos tan (DPC)
) (/home/bertv/.TinyTeX/texmf-dist/tex/latex/graphics-cfg/graphics.cfg
File: graphics.cfg 2016/06/04 v1.11 sample graphics configuration
)
Package graphics Info: Driver file: pdftex.def on input line 106.
 (/home/bertv/.TinyTeX/texmf-dist/tex/latex/graphics-def/pdftex.def
File: pdftex.def 2025/09/29 v1.2d Graphics/color driver for pdftex
))
\Gin@req@height=\dimen185
\Gin@req@width=\dimen186
) (/home/bertv/.TinyTeX/texmf-dist/tex/latex/pgf/systemlayer/pgfsys.sty (/home/bertv/.TinyTeX/texmf-dist/tex/generic/pgf/systemlayer/pgfsys.code.tex
Package: pgfsys 2025-08-29 v3.1.11a (3.1.11a)
\pgf@x=\dimen187
\pgf@y=\dimen188
\pgf@xa=\dimen189
\pgf@ya=\dimen190
\pgf@xb=\dimen191
\pgf@yb=\dimen192
\pgf@xc=\dimen193
\pgf@yc=\dimen194
\pgf@xd=\dimen195
\pgf@yd=\dimen196
\w@pgf@writea=\write3
\r@pgf@reada=\read2
\c@pgf@counta=\count311
\c@pgf@countb=\count312
\c@pgf@countc=\count313
\c@pgf@countd=\count314
\t@pgf@toka=\toks26
\t@pgf@tokb=\toks27
\t@pgf@tokc=\toks28
\pgf@sys@id@count=\count315
 (/home/bertv/.TinyTeX/texmf-dist/tex/generic/pgf/systemlayer/pgf.cfg
File: pgf.cfg 2025-08-29 v3.1.11a (3.1.11a)
)
Driver file for pgf: pgfsys-pdftex.def
 (/home/bertv/.TinyTeX/texmf-dist/tex/generic/pgf/systemlayer/pgfsys-pdftex.def
File: pgfsys-pdftex.def 2025-08-29 v3.1.11a (3.1.11a)
 (/home/bertv/.TinyTeX/texmf-dist/tex/generic/pgf/systemlayer/pgfsys-common-pdf.def
File: pgfsys-common-pdf.def 2025-08-29 v3.1.11a (3.1.11a)
))) (/home/bertv/.TinyTeX/texmf-dist/tex/generic/pgf/systemlayer/pgfsyssoftpath.code.tex
File: pgfsyssoftpath.code.tex 2025-08-29 v3.1.11a (3.1.11a)
\pgfsyssoftpath@smallbuffer@items=\count316
\pgfsyssoftpath@bigbuffer@items=\count317
) (/home/bertv/.TinyTeX/texmf-dist/tex/generic/pgf/systemlayer/pgfsysprotocol.code.tex
File: pgfsysprotocol.code.tex 2025-08-29 v3.1.11a (3.1.11a)
)) (/home/bertv/.TinyTeX/texmf-dist/tex/latex/xcolor/xcolor.sty
Package: xcolor 2024/09/29 v3.02 LaTeX color extensions (UK)
 (/home/bertv/.TinyTeX/texmf-dist/tex/latex/graphics-cfg/color.cfg
File: color.cfg 2016/01/02 v1.6 sample color configuration
)
Package xcolor Info: Driver file: pdftex.def on input line 274.
 (/home/bertv/.TinyTeX/texmf-dist/tex/latex/graphics/mathcolor.ltx)
Package xcolor Info: Model `cmy' substituted by `cmy0' on input line 1349.
Package xcolor Info: Model `hsb' substituted by `rgb' on input line 1353.
Package xcolor Info: Model `RGB' extended on input line 1365.
Package xcolor Info: Model `HTML' substituted by `rgb' on input line 1367.
Package xcolor Info: Model `Hsb' substituted by `hsb' on input line 1368.
Package xcolor Info: Model `tHsb' substituted by `hsb' on input line 1369.
Package xcolor Info: Model `HSB' substituted by `hsb' on input line 1370.
Package xcolor Info: Model `Gray' substituted by `gray' on input line 1371.
Package xcolor Info: Model `wave' substituted by `hsb' on input line 1372.
) (/home/bertv/.TinyTeX/texmf-dist/tex/latex/graphics/dvipsnam.def
File: dvipsnam.def 2016/06/17 v3.0m Driver-dependent file (DPC,SPQR)
) (/home/bertv/.TinyTeX/texmf-dist/tex/latex/xcolor/svgnam.def
File: svgnam.def 2024/09/29 v3.02 Predefined colors according to SVG 1.1 (UK)
) (/home/bertv/.TinyTeX/texmf-dist/tex/latex/xcolor/x11nam.def
File: x11nam.def 2024/09/29 v3.02 Predefined colors according to Unix/X11 (UK)
) (/home/bertv/.TinyTeX/texmf-dist/tex/generic/pgf/basiclayer/pgfcore.code.tex
Package: pgfcore 2025-08-29 v3.1.11a (3.1.11a)
 (/home/bertv/.TinyTeX/texmf-dist/tex/generic/pgf/math/pgfint.code.tex) (/home/bertv/.TinyTeX/texmf-dist/tex/generic/pgf/basiclayer/pgfcorepoints.code.tex
File: pgfcorepoints.code.tex 2025-08-29 v3.1.11a (3.1.11a)
\pgf@picminx=\dimen197
\pgf@picmaxx=\dimen198
\pgf@picminy=\dimen199
\pgf@picmaxy=\dimen256
\pgf@pathminx=\dimen257
\pgf@pathmaxx=\dimen258
\pgf@pathminy=\dimen259
\pgf@pathmaxy=\dimen260
\pgf@xx=\dimen261
\pgf@xy=\dimen262
\pgf@yx=\dimen263
\pgf@yy=\dimen264
\pgf@zx=\dimen265
\pgf@zy=\dimen266
) (/home/bertv/.TinyTeX/texmf-dist/tex/generic/pgf/basiclayer/pgfcorepathconstruct.code.tex
File: pgfcorepathconstruct.code.tex 2025-08-29 v3.1.11a (3.1.11a)
\pgf@path@lastx=\dimen267
\pgf@path@lasty=\dimen268
) (/home/bertv/.TinyTeX/texmf-dist/tex/generic/pgf/basiclayer/pgfcorepathusage.code.tex
File: pgfcorepathusage.code.tex 2025-08-29 v3.1.11a (3.1.11a)
\pgf@shorten@end@additional=\dimen269
\pgf@shorten@start@additional=\dimen270
) (/home/bertv/.TinyTeX/texmf-dist/tex/generic/pgf/basiclayer/pgfcorescopes.code.tex
File: pgfcorescopes.code.tex 2025-08-29 v3.1.11a (3.1.11a)
\pgfpic=\box64
\pgf@hbox=\box65
\pgf@layerbox@main=\box66
\pgf@picture@serial@count=\count318
) (/home/bertv/.TinyTeX/texmf-dist/tex/generic/pgf/basiclayer/pgfcoregraphicstate.code.tex
File: pgfcoregraphicstate.code.tex 2025-08-29 v3.1.11a (3.1.11a)
\pgflinewidth=\dimen271
) (/home/bertv/.TinyTeX/texmf-dist/tex/generic/pgf/basiclayer/pgfcoretransformations.code.tex
File: pgfcoretransformations.code.tex 2025-08-29 v3.1.11a (3.1.11a)
\pgf@pt@x=\dimen272
\pgf@pt@y=\dimen273
\pgf@pt@temp=\dimen274
) (/home/bertv/.TinyTeX/texmf-dist/tex/generic/pgf/basiclayer/pgfcorequick.code.tex
File: pgfcorequick.code.tex 2025-08-29 v3.1.11a (3.1.11a)
) (/home/bertv/.TinyTeX/texmf-dist/tex/generic/pgf/basiclayer/pgfcoreobjects.code.tex
File: pgfcoreobjects.code.tex 2025-08-29 v3.1.11a (3.1.11a)
) (/home/bertv/.TinyTeX/texmf-dist/tex/generic/pgf/basiclayer/pgfcorepathprocessing.code.tex
File: pgfcorepathprocessing.code.tex 2025-08-29 v3.1.11a (3.1.11a)
) (/home/bertv/.TinyTeX/texmf-dist/tex/generic/pgf/basiclayer/pgfcorearrows.code.tex
File: pgfcorearrows.code.tex 2025-08-29 v3.1.11a (3.1.11a)
\pgfarrowsep=\dimen275
) (/home/bertv/.TinyTeX/texmf-dist/tex/generic/pgf/basiclayer/pgfcoreshade.code.tex
File: pgfcoreshade.code.tex 2025-08-29 v3.1.11a (3.1.11a)
\pgf@max=\dimen276
\pgf@sys@shading@range@num=\count319
\pgf@shadingcount=\count320
) (/home/bertv/.TinyTeX/texmf-dist/tex/generic/pgf/basiclayer/pgfcoreimage.code.tex
File: pgfcoreimage.code.tex 2025-08-29 v3.1.11a (3.1.11a)
) (/home/bertv/.TinyTeX/texmf-dist/tex/generic/pgf/basiclayer/pgfcoreexternal.code.tex
File: pgfcoreexternal.code.tex 2025-08-29 v3.1.11a (3.1.11a)
\pgfexternal@startupbox=\box67
) (/home/bertv/.TinyTeX/texmf-dist/tex/generic/pgf/basiclayer/pgfcorelayers.code.tex
File: pgfcorelayers.code.tex 2025-08-29 v3.1.11a (3.1.11a)
) (/home/bertv/.TinyTeX/texmf-dist/tex/generic/pgf/basiclayer/pgfcoretransparency.code.tex
File: pgfcoretransparency.code.tex 2025-08-29 v3.1.11a (3.1.11a)
) (/home/bertv/.TinyTeX/texmf-dist/tex/generic/pgf/basiclayer/pgfcorepatterns.code.tex
File: pgfcorepatterns.code.tex 2025-08-29 v3.1.11a (3.1.11a)
) (/home/bertv/.TinyTeX/texmf-dist/tex/generic/pgf/basiclayer/pgfcorerdf.code.tex
File: pgfcorerdf.code.tex 2025-08-29 v3.1.11a (3.1.11a)
))) (/home/bertv/.TinyTeX/texmf-dist/tex/latex/pgf/utilities/xxcolor.sty
Package: xxcolor 2003/10/24 ver 0.1
\XC@nummixins=\count321
\XC@countmixins=\count322
) (/home/bertv/.TinyTeX/texmf-dist/tex/latex/base/atbegshi-ltx.sty
Package: atbegshi-ltx 2021/01/10 v1.0c Emulation of the original atbegshi
package with kernel methods
) (/home/bertv/.TinyTeX/texmf-dist/tex/latex/hyperref/hyperref.sty
Package: hyperref 2026-04-24 v7.01q Hypertext links for LaTeX
 (/home/bertv/.TinyTeX/texmf-dist/tex/latex/kvsetkeys/kvsetkeys.sty
Package: kvsetkeys 2022-10-05 v1.19 Key value parser (HO)
) (/home/bertv/.TinyTeX/texmf-dist/tex/generic/kvdefinekeys/kvdefinekeys.sty
Package: kvdefinekeys 2019-12-19 v1.6 Define keys (HO)
) (/home/bertv/.TinyTeX/texmf-dist/tex/generic/pdfescape/pdfescape.sty
Package: pdfescape 2019/12/09 v1.15 Implements pdfTeX's escape features (HO)
 (/home/bertv/.TinyTeX/texmf-dist/tex/generic/ltxcmds/ltxcmds.sty
Package: ltxcmds 2023-12-04 v1.26 LaTeX kernel commands for general use (HO)
) (/home/bertv/.TinyTeX/texmf-dist/tex/generic/pdftexcmds/pdftexcmds.sty
Package: pdftexcmds 2020-06-27 v0.33 Utility functions of pdfTeX for LuaTeX (HO)
 (/home/bertv/.TinyTeX/texmf-dist/tex/generic/infwarerr/infwarerr.sty
Package: infwarerr 2019/12/03 v1.5 Providing info/warning/error messages (HO)
)
Package pdftexcmds Info: \pdf@primitive is available.
Package pdftexcmds Info: \pdf@ifprimitive is available.
Package pdftexcmds Info: \pdfdraftmode found.
)) (/home/bertv/.TinyTeX/texmf-dist/tex/latex/hycolor/hycolor.sty
Package: hycolor 2020-01-27 v1.10 Color options for hyperref/bookmark (HO)
) (/home/bertv/.TinyTeX/texmf-dist/tex/latex/hyperref/nameref.sty
Package: nameref 2026-01-29 v2.58 Cross-referencing by name of section
 (/home/bertv/.TinyTeX/texmf-dist/tex/latex/refcount/refcount.sty
Package: refcount 2019/12/15 v3.6 Data extraction from label references (HO)
) (/home/bertv/.TinyTeX/texmf-dist/tex/generic/gettitlestring/gettitlestring.sty
Package: gettitlestring 2019/12/15 v1.6 Cleanup title references (HO)
 (/home/bertv/.TinyTeX/texmf-dist/tex/latex/kvoptions/kvoptions.sty
Package: kvoptions 2022-06-15 v3.15 Key value format for package options (HO)
))
\c@section@level=\count323
) (/home/bertv/.TinyTeX/texmf-dist/tex/generic/stringenc/stringenc.sty
Package: stringenc 2019/11/29 v1.12 Convert strings between diff. encodings (HO)
)
\@linkdim=\dimen277
\Hy@linkcounter=\count324
\Hy@pagecounter=\count325
 (/home/bertv/.TinyTeX/texmf-dist/tex/latex/hyperref/pd1enc.def
File: pd1enc.def 2026-04-24 v7.01q Hyperref: PDFDocEncoding definition (HO)
Now handling font encoding PD1 ...
... no UTF-8 mapping file for font encoding PD1
) (/home/bertv/.TinyTeX/texmf-dist/tex/generic/intcalc/intcalc.sty
Package: intcalc 2019/12/15 v1.3 Expandable calculations with integers (HO)
)
\Hy@SavedSpaceFactor=\count326
 (/home/bertv/.TinyTeX/texmf-dist/tex/latex/hyperref/puenc.def
File: puenc.def 2026-04-24 v7.01q Hyperref: PDF Unicode definition (HO)
Now handling font encoding PU ...
... no UTF-8 mapping file for font encoding PU
)
Package hyperref Info: Option `unicode' set `true' on input line 4070.
Package hyperref Info: Option `bookmarks' set `true' on input line 4070.
Package hyperref Info: Option `bookmarksopen' set `true' on input line 4070.
Package hyperref Info: Option `implicit' set `false' on input line 4070.
Package hyperref Info: Hyper figures OFF on input line 4199.
Package hyperref Info: Link nesting OFF on input line 4204.
Package hyperref Info: Hyper index ON on input line 4207.
Package hyperref Info: Plain pages OFF on input line 4214.
Package hyperref Info: Backreferencing OFF on input line 4219.
Package hyperref Info: Implicit mode OFF; no redefinition of LaTeX internals.
Package hyperref Info: Bookmarks ON on input line 4466.
\c@Hy@tempcnt=\count327
 (/home/bertv/.TinyTeX/texmf-dist/tex/latex/url/url.sty
\Urlmuskip=\muskip17
Package: url 2013/09/16  ver 3.4  Verb mode for urls, etc.
)
LaTeX Info: Redefining \url on input line 4805.
\XeTeXLinkMargin=\dimen278
 (/home/bertv/.TinyTeX/texmf-dist/tex/generic/bitset/bitset.sty
Package: bitset 2019/12/09 v1.3 Handle bit-vector datatype (HO)
 (/home/bertv/.TinyTeX/texmf-dist/tex/generic/bigintcalc/bigintcalc.sty
Package: bigintcalc 2019/12/15 v1.5 Expandable calculations on big integers (HO)
))
\Fld@menulength=\count328
\Field@Width=\dimen279
\Fld@charsize=\dimen280
Package hyperref Info: Hyper figures OFF on input line 6091.
Package hyperref Info: Link nesting OFF on input line 6096.
Package hyperref Info: Hyper index ON on input line 6099.
Package hyperref Info: backreferencing OFF on input line 6106.
Package hyperref Info: Link coloring OFF on input line 6111.
Package hyperref Info: Link coloring with OCG OFF on input line 6116.
Package hyperref Info: PDF/A mode OFF on input line 6121.
\Hy@abspage=\count329


Package hyperref Message: Stopped early.

)
Package hyperref Info: Driver (autodetected): hpdftex.
 (/home/bertv/.TinyTeX/texmf-dist/tex/latex/hyperref/hpdftex.def
File: hpdftex.def 2026-04-24 v7.01q Hyperref driver for pdfTeX
\Fld@listcount=\count330
\c@bookmark@seq@number=\count331
 (/home/bertv/.TinyTeX/texmf-dist/tex/latex/rerunfilecheck/rerunfilecheck.sty
Package: rerunfilecheck 2025-06-21 v1.11 Rerun checks for auxiliary files (HO)
 (/home/bertv/.TinyTeX/texmf-dist/tex/generic/uniquecounter/uniquecounter.sty
Package: uniquecounter 2019/12/15 v1.4 Provide unlimited unique counter (HO)
)
Package uniquecounter Info: New unique counter `rerunfilecheck' on input line 284.
)) (/home/bertv/.TinyTeX/texmf-dist/tex/latex/beamer/beamerbaserequires.sty (/home/bertv/.TinyTeX/texmf-dist/tex/latex/beamer/beamerbasecompatibility.sty) (/home/bertv/.TinyTeX/texmf-dist/tex/latex/beamer/beamerbasefont.sty (/home/bertv/.TinyTeX/texmf-dist/tex/latex/amsfonts/amssymb.sty
Package: amssymb 2013/01/14 v3.01 AMS font symbols
 (/home/bertv/.TinyTeX/texmf-dist/tex/latex/amsfonts/amsfonts.sty
Package: amsfonts 2013/01/14 v3.01 Basic AMSFonts support
\@emptytoks=\toks29
\symAMSa=\mathgroup4
\symAMSb=\mathgroup5
LaTeX Font Info:    Redeclaring math symbol \hbar on input line 98.
LaTeX Font Info:    Overwriting math alphabet `\mathfrak' in version `bold'
(Font)                  U/euf/m/n --> U/euf/b/n on input line 106.
))) (/home/bertv/.TinyTeX/texmf-dist/tex/latex/beamer/beamerbasetranslator.sty (/home/bertv/.TinyTeX/texmf-dist/tex/latex/translator/translator.sty
Package: translator 2021-05-31 v1.12d Easy translation of strings in LaTeX
)) (/home/bertv/.TinyTeX/texmf-dist/tex/latex/beamer/beamerbasemisc.sty) (/home/bertv/.TinyTeX/texmf-dist/tex/latex/beamer/beamerbasetwoscreens.sty) (/home/bertv/.TinyTeX/texmf-dist/tex/latex/beamer/beamerbaseoverlay.sty
\beamer@argscount=\count332
\beamer@lastskipcover=\skip52
\beamer@trivlistdepth=\count333
) (/home/bertv/.TinyTeX/texmf-dist/tex/latex/beamer/beamerbasetitle.sty) (/home/bertv/.TinyTeX/texmf-dist/tex/latex/beamer/beamerbasesection.sty
\c@lecture=\count334
\c@part=\count335
\c@section=\count336
\c@subsection=\count337
\c@subsubsection=\count338
) (/home/bertv/.TinyTeX/texmf-dist/tex/latex/beamer/beamerbaseframe.sty
\beamer@framebox=\box68
\beamer@frametitlebox=\box69
\beamer@zoombox=\box70
\beamer@zoomcount=\count339
\beamer@zoomframecount=\count340
\beamer@frametextheight=\dimen281
\c@subsectionslide=\count341
\beamer@frametopskip=\skip53
\beamer@framebottomskip=\skip54
\beamer@frametopskipautobreak=\skip55
\beamer@framebottomskipautobreak=\skip56
\beamer@envbody=\toks30
\framewidth=\dimen282
\c@framenumber=\count342
) (/home/bertv/.TinyTeX/texmf-dist/tex/latex/beamer/beamerbaseverbatim.sty
\beamer@verbatimfileout=\write4
) (/home/bertv/.TinyTeX/texmf-dist/tex/latex/beamer/beamerbaseframesize.sty
\beamer@splitbox=\box71
\beamer@autobreakcount=\count343
\beamer@autobreaklastheight=\dimen283
\beamer@frametitletoks=\toks31
\beamer@framesubtitletoks=\toks32
) (/home/bertv/.TinyTeX/texmf-dist/tex/latex/beamer/beamerbaseframecomponents.sty
\beamer@colheight=\skip57
\beamer@footins=\box72
) (/home/bertv/.TinyTeX/texmf-dist/tex/latex/beamer/beamerbasecolor.sty) (/home/bertv/.TinyTeX/texmf-dist/tex/latex/beamer/beamerbasenotes.sty
\beamer@frameboxcopy=\box73
) (/home/bertv/.TinyTeX/texmf-dist/tex/latex/beamer/beamerbasetoc.sty) (/home/bertv/.TinyTeX/texmf-dist/tex/latex/beamer/beamerbasetemplates.sty
\beamer@sbttoks=\toks33
 (/home/bertv/.TinyTeX/texmf-dist/tex/latex/beamer/beamerbaseauxtemplates.sty (/home/bertv/.TinyTeX/texmf-dist/tex/latex/beamer/beamerbaseboxes.sty
\bmb@box=\box74
\bmb@colorbox=\box75
\bmb@boxwidth=\dimen284
\bmb@boxheight=\dimen285
\bmb@prevheight=\dimen286
\bmb@temp=\dimen287
\bmb@dima=\dimen288
\bmb@dimb=\dimen289
\bmb@prevheight=\dimen290
)
\beamer@blockheadheight=\dimen291
)) (/home/bertv/.TinyTeX/texmf-dist/tex/latex/beamer/beamerbaselocalstructure.sty (/home/bertv/.TinyTeX/texmf-dist/tex/latex/tools/enumerate.sty
Package: enumerate 2023/07/04 v3.00 enumerate extensions (DPC)
\@enLab=\toks34
)
\beamer@bibiconwidth=\skip58
\c@figure=\count344
\c@table=\count345
\abovecaptionskip=\skip59
\belowcaptionskip=\skip60
) (/home/bertv/.TinyTeX/texmf-dist/tex/latex/beamer/beamerbasenavigation.sty (/home/bertv/.TinyTeX/texmf-dist/tex/latex/beamer/beamerbasenavigationsymbols.tex)
\beamer@section@min@dim=\dimen292
) (/home/bertv/.TinyTeX/texmf-dist/tex/latex/beamer/beamerbasetheorems.sty (/home/bertv/.TinyTeX/texmf-dist/tex/latex/amsmath/amsmath.sty
Package: amsmath 2025/07/09 v2.17z AMS math features
\@mathmargin=\skip61

For additional information on amsmath, use the `?' option.
(/home/bertv/.TinyTeX/texmf-dist/tex/latex/amsmath/amstext.sty
Package: amstext 2024/11/17 v2.01 AMS text
 (/home/bertv/.TinyTeX/texmf-dist/tex/latex/amsmath/amsgen.sty
File: amsgen.sty 1999/11/30 v2.0 generic functions
\@emptytoks=\toks35
\ex@=\dimen293
)) (/home/bertv/.TinyTeX/texmf-dist/tex/latex/amsmath/amsbsy.sty
Package: amsbsy 1999/11/29 v1.2d Bold Symbols
\pmbraise@=\dimen294
) (/home/bertv/.TinyTeX/texmf-dist/tex/latex/amsmath/amsopn.sty
Package: amsopn 2022/04/08 v2.04 operator names
)
\inf@bad=\count346
LaTeX Info: Redefining \frac on input line 233.
\uproot@=\count347
\leftroot@=\count348
LaTeX Info: Redefining \overline on input line 398.
LaTeX Info: Redefining \colon on input line 409.
\classnum@=\count349
\DOTSCASE@=\count350
LaTeX Info: Redefining \ldots on input line 495.
LaTeX Info: Redefining \dots on input line 498.
LaTeX Info: Redefining \cdots on input line 619.
\Mathstrutbox@=\box76
\strutbox@=\box77
LaTeX Info: Redefining \big on input line 721.
LaTeX Info: Redefining \Big on input line 722.
LaTeX Info: Redefining \bigg on input line 723.
LaTeX Info: Redefining \Bigg on input line 724.
\big@size=\dimen295
LaTeX Font Info:    Redeclaring font encoding OML on input line 742.
LaTeX Font Info:    Redeclaring font encoding OMS on input line 743.
\macc@depth=\count351
LaTeX Info: Redefining \bmod on input line 904.
LaTeX Info: Redefining \pmod on input line 909.
LaTeX Info: Redefining \smash on input line 939.
LaTeX Info: Redefining \relbar on input line 969.
LaTeX Info: Redefining \Relbar on input line 970.
\c@MaxMatrixCols=\count352
\dotsspace@=\muskip18
\c@parentequation=\count353
\dspbrk@lvl=\count354
\tag@help=\toks36
\row@=\count355
\column@=\count356
\maxfields@=\count357
\andhelp@=\toks37
\eqnshift@=\dimen296
\alignsep@=\dimen297
\tagshift@=\dimen298
\tagwidth@=\dimen299
\totwidth@=\dimen300
\lineht@=\dimen301
\@envbody=\toks38
\multlinegap=\skip62
\multlinetaggap=\skip63
\mathdisplay@stack=\toks39
LaTeX Info: Redefining \[ on input line 2950.
LaTeX Info: Redefining \] on input line 2951.
) (/home/bertv/.TinyTeX/texmf-dist/tex/latex/amscls/amsthm.sty
Package: amsthm 2020/05/29 v2.20.6
\thm@style=\toks40
\thm@bodyfont=\toks41
\thm@headfont=\toks42
\thm@notefont=\toks43
\thm@headpunct=\toks44
\thm@preskip=\skip64
\thm@postskip=\skip65
\thm@headsep=\skip66
\dth@everypar=\toks45
)
\c@theorem=\count358
) (/home/bertv/.TinyTeX/texmf-dist/tex/latex/beamer/beamerbasethemes.sty)) (/home/bertv/.TinyTeX/texmf-dist/tex/latex/beamer/beamerthemedefault.sty (/home/bertv/.TinyTeX/texmf-dist/tex/latex/beamer/beamerfontthemedefault.sty) (/home/bertv/.TinyTeX/texmf-dist/tex/latex/beamer/beamercolorthemedefault.sty) (/home/bertv/.TinyTeX/texmf-dist/tex/latex/beamer/beamerinnerthemedefault.sty
\beamer@dima=\dimen302
\beamer@dimb=\dimen303
) (/home/bertv/.TinyTeX/texmf-dist/tex/latex/beamer/beamerouterthemedefault.sty))) (/home/bertv/.TinyTeX/texmf-dist/tex/latex/pgf/utilities/pgfpages.sty
Package: pgfpages 2011/01/05 ver 0.02
 (/home/bertv/.TinyTeX/texmf-dist/tex/latex/tools/calc.sty
Package: calc 2025/03/01 v4.3b Infix arithmetic (KKT,FJ)
\calc@Acount=\count359
\calc@Bcount=\count360
\calc@Adimen=\dimen304
\calc@Bdimen=\dimen305
\calc@Askip=\skip67
\calc@Bskip=\skip68
LaTeX Info: Redefining \setlength on input line 86.
LaTeX Info: Redefining \addtolength on input line 87.
\calc@Ccount=\count361
\calc@Cskip=\skip69
)
\pgf@logicalpages=\count362
\pgf@firstshipout=\count363
\pgf@lastshipout=\count364
\pgf@currentshipout=\count365
\pgf@cpn=\count366
\pgf@shipoutnextto=\count367
\pgfphysicalheight=\dimen306
\pgfphysicalwidth=\dimen307
\pgfpages@shipoutbox=\box78
) (/home/bertv/.TinyTeX/texmf-dist/tex/latex/base/fontenc.sty
Package: fontenc 2025/07/18 v2.1d Standard LaTeX package
) (/home/bertv/.TinyTeX/texmf-dist/tex/latex/base/inputenc.sty
Package: inputenc 2024/02/08 v1.3d Input encoding file
\inpenc@prehook=\toks46
\inpenc@posthook=\toks47
) (/home/bertv/.TinyTeX/texmf-dist/tex/latex/base/textcomp.sty
Package: textcomp 2024/04/24 v2.1b Standard LaTeX package
) (/home/bertv/.TinyTeX/texmf-dist/tex/latex/lm/lmodern.sty
Package: lmodern 2015/05/01 v1.6.1 Latin Modern Fonts
LaTeX Font Info:    Overwriting symbol font `operators' in version `normal'
(Font)                  OT1/cmr/m/n --> OT1/lmr/m/n on input line 22.
LaTeX Font Info:    Overwriting symbol font `letters' in version `normal'
(Font)                  OML/cmm/m/it --> OML/lmm/m/it on input line 23.
LaTeX Font Info:    Overwriting symbol font `symbols' in version `normal'
(Font)                  OMS/cmsy/m/n --> OMS/lmsy/m/n on input line 24.
LaTeX Font Info:    Overwriting symbol font `largesymbols' in version `normal'
(Font)                  OMX/cmex/m/n --> OMX/lmex/m/n on input line 25.
LaTeX Font Info:    Overwriting symbol font `operators' in version `bold'
(Font)                  OT1/cmr/bx/n --> OT1/lmr/bx/n on input line 26.
LaTeX Font Info:    Overwriting symbol font `letters' in version `bold'
(Font)                  OML/cmm/b/it --> OML/lmm/b/it on input line 27.
LaTeX Font Info:    Overwriting symbol font `symbols' in version `bold'
(Font)                  OMS/cmsy/b/n --> OMS/lmsy/b/n on input line 28.
LaTeX Font Info:    Overwriting symbol font `largesymbols' in version `bold'
(Font)                  OMX/cmex/m/n --> OMX/lmex/m/n on input line 29.
LaTeX Font Info:    Overwriting math alphabet `\mathbf' in version `normal'
(Font)                  OT1/cmr/bx/n --> OT1/lmr/bx/n on input line 31.
LaTeX Font Info:    Overwriting math alphabet `\mathsf' in version `normal'
(Font)                  OT1/cmss/m/n --> OT1/lmss/m/n on input line 32.
LaTeX Font Info:    Overwriting math alphabet `\mathit' in version `normal'
(Font)                  OT1/cmr/m/it --> OT1/lmr/m/it on input line 33.
LaTeX Font Info:    Overwriting math alphabet `\mathtt' in version `normal'
(Font)                  OT1/cmtt/m/n --> OT1/lmtt/m/n on input line 34.
LaTeX Font Info:    Overwriting math alphabet `\mathbf' in version `bold'
(Font)                  OT1/cmr/bx/n --> OT1/lmr/bx/n on input line 35.
LaTeX Font Info:    Overwriting math alphabet `\mathsf' in version `bold'
(Font)                  OT1/cmss/bx/n --> OT1/lmss/bx/n on input line 36.
LaTeX Font Info:    Overwriting math alphabet `\mathit' in version `bold'
(Font)                  OT1/cmr/bx/it --> OT1/lmr/bx/it on input line 37.
LaTeX Font Info:    Overwriting math alphabet `\mathtt' in version `bold'
(Font)                  OT1/cmtt/m/n --> OT1/lmtt/m/n on input line 38.
) (/home/bertv/.TinyTeX/texmf-dist/tex/latex/parskip/parskip.sty
Package: parskip 2021-03-14 v2.0h non-zero parskip adjustments
) (/home/bertv/.TinyTeX/texmf-dist/tex/latex/fancyvrb/fancyvrb.sty
Package: fancyvrb 2026/04/16 4.6a verbatim text (tvz,hv)
\FV@CodeLineNo=\count368
\FV@InFile=\read3
\FV@TabBox=\box79
\c@FancyVerbLine=\count369
\FV@StepNumber=\count370
\FV@OutFile=\write5
) (/home/bertv/.TinyTeX/texmf-dist/tex/latex/framed/framed.sty
Package: framed 2011/10/22 v 0.96: framed or shaded text with page breaks
\OuterFrameSep=\skip70
\fb@frw=\dimen308
\fb@frh=\dimen309
\FrameRule=\dimen310
\FrameSep=\dimen311
)
\pandoc@box=\box80
 (/home/bertv/.TinyTeX/texmf-dist/tex/latex/tcolorbox/tcolorbox.sty
Package: tcolorbox 2025/11/28 version 6.9.0 text color boxes
 (/home/bertv/.TinyTeX/texmf-dist/tex/latex/pgf/frontendlayer/tikz.sty (/home/bertv/.TinyTeX/texmf-dist/tex/latex/pgf/basiclayer/pgf.sty
Package: pgf 2025-08-29 v3.1.11a (3.1.11a)
 (/home/bertv/.TinyTeX/texmf-dist/tex/generic/pgf/modules/pgfmoduleshapes.code.tex
File: pgfmoduleshapes.code.tex 2025-08-29 v3.1.11a (3.1.11a)
\pgfnodeparttextbox=\box81
) (/home/bertv/.TinyTeX/texmf-dist/tex/generic/pgf/modules/pgfmoduleplot.code.tex
File: pgfmoduleplot.code.tex 2025-08-29 v3.1.11a (3.1.11a)
) (/home/bertv/.TinyTeX/texmf-dist/tex/latex/pgf/compatibility/pgfcomp-version-0-65.sty
Package: pgfcomp-version-0-65 2025-08-29 v3.1.11a (3.1.11a)
\pgf@nodesepstart=\dimen312
\pgf@nodesepend=\dimen313
) (/home/bertv/.TinyTeX/texmf-dist/tex/latex/pgf/compatibility/pgfcomp-version-1-18.sty
Package: pgfcomp-version-1-18 2025-08-29 v3.1.11a (3.1.11a)
)) (/home/bertv/.TinyTeX/texmf-dist/tex/latex/pgf/utilities/pgffor.sty (/home/bertv/.TinyTeX/texmf-dist/tex/generic/pgf/utilities/pgffor.code.tex
Package: pgffor 2025-08-29 v3.1.11a (3.1.11a)
\pgffor@iter=\dimen314
\pgffor@skip=\dimen315
\pgffor@stack=\toks48
\pgffor@toks=\toks49
)) (/home/bertv/.TinyTeX/texmf-dist/tex/generic/pgf/frontendlayer/tikz/tikz.code.tex
Package: tikz 2025-08-29 v3.1.11a (3.1.11a)
 (/home/bertv/.TinyTeX/texmf-dist/tex/generic/pgf/libraries/pgflibraryplothandlers.code.tex
File: pgflibraryplothandlers.code.tex 2025-08-29 v3.1.11a (3.1.11a)
\pgf@plot@mark@count=\count371
\pgfplotmarksize=\dimen316
)
\tikz@lastx=\dimen317
\tikz@lasty=\dimen318
\tikz@lastxsaved=\dimen319
\tikz@lastysaved=\dimen320
\tikz@lastmovetox=\dimen321
\tikz@lastmovetoy=\dimen322
\tikzleveldistance=\dimen323
\tikzsiblingdistance=\dimen324
\tikz@figbox=\box82
\tikz@figbox@bg=\box83
\tikz@tempbox=\box84
\tikz@tempbox@bg=\box85
\tikztreelevel=\count372
\tikznumberofchildren=\count373
\tikznumberofcurrentchild=\count374
\tikz@fig@count=\count375
 (/home/bertv/.TinyTeX/texmf-dist/tex/generic/pgf/modules/pgfmodulematrix.code.tex
File: pgfmodulematrix.code.tex 2025-08-29 v3.1.11a (3.1.11a)
\pgfmatrixcurrentrow=\count376
\pgfmatrixcurrentcolumn=\count377
\pgf@matrix@numberofcolumns=\count378
)
\tikz@expandcount=\count379
 (/home/bertv/.TinyTeX/texmf-dist/tex/generic/pgf/frontendlayer/tikz/libraries/tikzlibrarytopaths.code.tex
File: tikzlibrarytopaths.code.tex 2025-08-29 v3.1.11a (3.1.11a)
))) (/home/bertv/.TinyTeX/texmf-dist/tex/latex/tools/verbatim.sty
Package: verbatim 2024-01-22 v1.5x LaTeX2e package for verbatim enhancements
\every@verbatim=\toks50
\verbatim@line=\toks51
\verbatim@in@stream=\read4
) (/home/bertv/.TinyTeX/texmf-dist/tex/latex/environ/environ.sty
Package: environ 2014/05/04 v0.3 A new way to define environments
 (/home/bertv/.TinyTeX/texmf-dist/tex/latex/trimspaces/trimspaces.sty
Package: trimspaces 2009/09/17 v1.1 Trim spaces around a token list
))
\tcb@titlebox=\box86
\tcb@upperbox=\box87
\tcb@lowerbox=\box88
\tcb@phantombox=\box89
\c@tcbbreakpart=\count380
\c@tcblayer=\count381
\c@tcolorbox@number=\count382
\l__tcobox_tmpa_box=\box90
\l__tcobox_tmpa_dim=\dimen325
\tcb@temp=\box91
\tcb@temp=\box92
\tcb@temp=\box93
\tcb@temp=\box94
) (/home/bertv/.TinyTeX/texmf-dist/tex/latex/beamer/beamerouterthememiniframes.sty)
Package hyperref Info: Option `colorlinks' set `true' on input line 164.
 (/home/bertv/.TinyTeX/texmf-dist/tex/latex/tcolorbox/tcbskins.code.tex
Library (tcolorbox): 'tcbskins.code.tex' version '6.9.0'
(/home/bertv/.TinyTeX/texmf-dist/tex/latex/tikzfill/tikzfill.image.sty
Package: tikzfill.image 2026/04/23 v1.2.0 Image filling library for TikZ
 (/home/bertv/.TinyTeX/texmf-dist/tex/latex/tikzfill/tikzlibraryfill.image.code.tex
File: tikzlibraryfill.image.code.tex 2026/04/23 v1.2.0 Image filling library
\l__tikzfill_tmpa_dim=\dimen326
\l__tikzfill_tmpb_dim=\dimen327
\l__tikzfill_img_box=\box95
)) (/home/bertv/.TinyTeX/texmf-dist/tex/latex/tcolorbox/tcbskinsjigsaw.code.tex
Library (tcolorbox): 'tcbskinsjigsaw.code.tex' version '6.9.0'
)) (/home/bertv/.TinyTeX/texmf-dist/tex/latex/emoji/emoji.sty
Package: emoji 2021/07/17 v0.2.2 Emoji support in (Lua)LaTeX


/home/bertv/.TinyTeX/texmf-dist/tex/latex/emoji/emoji.sty:24: Critical Package emoji Error: The 'emoji' package requires LuaTeX.

Type <return> to continue.
 ...                                              
                                                  
l.24 ...critical:nn { emoji } { require-luatex } }
                                                  

LaTeX does not know anything more about this error, sorry.

Try typing <return> to proceed.
If that doesn't work, type X <return> to quit.

Reading the current file 'emoji' will stop.


) (/home/bertv/.TinyTeX/texmf-dist/tex/latex/booktabs/booktabs.sty
Package: booktabs 2020/01/12 v1.61803398 Publication quality tables
\heavyrulewidth=\dimen328
\lightrulewidth=\dimen329
\cmidrulewidth=\dimen330
\belowrulesep=\dimen331
\belowbottomsep=\dimen332
\aboverulesep=\dimen333
\abovetopsep=\dimen334
\cmidrulesep=\dimen335
\cmidrulekern=\dimen336
\defaultaddspace=\dimen337
\@cmidla=\count383
\@cmidlb=\count384
\@aboverulesep=\dimen338
\@belowrulesep=\dimen339
\@thisruleclass=\count385
\@lastruleclass=\count386
\@thisrulewidth=\dimen340
) (/home/bertv/.TinyTeX/texmf-dist/tex/latex/tools/longtable.sty
Package: longtable 2025-10-13 v4.24 Multi-page Table package (DPC)
\LTleft=\skip71
\LTright=\skip72
\LTpre=\skip73
\LTpost=\skip74
\LTchunksize=\count387
\LTcapwidth=\dimen341
\LT@head=\box96
\LT@firsthead=\box97
\LT@foot=\box98
\LT@lastfoot=\box99
\LT@gbox=\box100
\LT@cols=\count388
\LT@rows=\count389
\c@LT@tables=\count390
\c@LT@chunks=\count391
\LT@p@ftn=\toks52
) (/home/bertv/.TinyTeX/texmf-dist/tex/latex/tools/array.sty
Package: array 2025/09/25 v2.6n Tabular extension package (FMi)
\col@sep=\dimen342
\ar@mcellbox=\box101
\extrarowheight=\dimen343
\NC@list=\toks53
\extratabsurround=\skip75
\backup@length=\skip76
\ar@cellbox=\box102
) (/home/bertv/.TinyTeX/texmf-dist/tex/latex/multirow/multirow.sty
Package: multirow 2024/11/12 v2.9 Span multiple rows of a table
\multirow@colwidth=\skip77
\multirow@cntb=\count392
\multirow@dima=\skip78
\bigstrutjot=\dimen344
) (/home/bertv/.TinyTeX/texmf-dist/tex/latex/wrapfig/wrapfig.sty
\wrapoverhang=\dimen345
\WF@size=\dimen346
\c@WF@wrappedlines=\count393
\WF@box=\box103
\WF@everypar=\toks54
Package: wrapfig 2003/01/31  v 3.6
) (/home/bertv/.TinyTeX/texmf-dist/tex/latex/float/float.sty
Package: float 2001/11/08 v1.3d Float enhancements (AL)
\c@float@type=\count394
\float@exts=\toks55
\float@box=\box104
\@float@everytoks=\toks56
\@floatcapt=\box105
) (/home/bertv/.TinyTeX/texmf-dist/tex/latex/colortbl/colortbl.sty
Package: colortbl 2026/05/01 v1.0l Color table columns (DPC)
\everycr=\toks57
\minrowclearance=\skip79
\rownum=\count395
) (/home/bertv/.TinyTeX/texmf-dist/tex/latex/pdflscape/pdflscape.sty
Package: pdflscape 2025-06-23 v0.14 Display of landscape pages in PDF
 (/home/bertv/.TinyTeX/texmf-dist/tex/latex/pdflscape/pdflscape-nometadata.sty
Package: pdflscape-nometadata 2025-06-23 v0.14 Display of landscape pages in PDF (HO)
 (/home/bertv/.TinyTeX/texmf-dist/tex/latex/graphics/lscape.sty
Package: lscape 2020/05/28 v3.02 Landscape Pages (DPC)
)
Package pdflscape Info: Auto-detected driver: pdftex on input line 81.
)) (/home/bertv/.TinyTeX/texmf-dist/tex/latex/tabu/tabu.sty
Package: tabu 2019/01/11 v2.9 - flexible LaTeX tabulars (FC+tabu-fixed)
 (/home/bertv/.TinyTeX/texmf-dist/tex/latex/varwidth/varwidth.sty
Package: varwidth 2009/03/30 ver 0.92;  Variable-width minipages
\@vwid@box=\box106
\sift@deathcycles=\count396
\@vwid@loff=\dimen347
\@vwid@roff=\dimen348
)
==> First Aid for varwidth.sty applied!
\c@taburow=\count397
\tabu@nbcols=\count398
\tabu@cnt=\count399
\tabu@Xcol=\count400
\tabu@alloc=\count401
\tabu@nested=\count402
\tabu@target=\dimen349
\tabu@spreadtarget=\dimen350
\tabu@naturalX=\dimen351
\tabucolX=\dimen352
\tabu@Xsum=\dimen353
\extrarowdepth=\dimen354
\abovetabulinesep=\dimen355
\belowtabulinesep=\dimen356
\tabustrutrule=\dimen357
\tabu@thebody=\toks58
\tabu@footnotes=\toks59
\tabu@box=\box107
\tabu@arstrutbox=\box108
\tabu@hleads=\box109
\tabu@vleads=\box110
\tabu@cellskip=\skip80
) (/home/bertv/.TinyTeX/texmf-dist/tex/latex/threeparttable/threeparttable.sty
Package: threeparttable 2003/06/13  v 3.0
\@tempboxb=\box111
) (/home/bertv/.TinyTeX/texmf-dist/tex/latex/threeparttablex/threeparttablex.sty
Package: threeparttablex 2013/07/23 v0.3 by daleif
\TPTL@width=\skip81
) (/home/bertv/.TinyTeX/texmf-dist/tex/generic/ulem/ulem.sty
\UL@box=\box112
\UL@hyphenbox=\box113
\UL@skip=\skip82
\UL@hook=\toks60
\UL@height=\dimen358
\UL@pe=\count403
\UL@pixel=\dimen359
\ULC@box=\box114
Package: ulem 2019/11/18
\ULdepth=\dimen360
) (/home/bertv/.TinyTeX/texmf-dist/tex/latex/makecell/makecell.sty
Package: makecell 2009/08/03 V0.1e Managing of Tab Column Heads and Cells
\rotheadsize=\dimen361
\c@nlinenum=\count404
\TeXr@lab=\toks61
) (/home/bertv/.TinyTeX/texmf-dist/tex/latex/bookmark/bookmark.sty
Package: bookmark 2026-05-21 v1.32 PDF bookmarks (HO)
 (/home/bertv/.TinyTeX/texmf-dist/tex/latex/l3backend/l3backend-pdftex.def
File: l3backend-pdftex.def 2026-02-18 L3 backend support: PDF output (pdfTeX)
\l__color_backend_stack_int=\count405
) (/home/bertv/.TinyTeX/texmf-dist/tex/latex/bookmark/bkm-pdftex.def
File: bkm-pdftex.def 2026-05-21 v1.32 bookmark driver for pdfTeX (HO)
\BKM@id=\count406
))
Package hyperref Info: Option `colorlinks' set `true' on input line 199.
LaTeX Font Info:    Trying to load font information for T1+lmss on input line 206.
 (/home/bertv/.TinyTeX/texmf-dist/tex/latex/lm/t1lmss.fd
File: t1lmss.fd 2015/05/01 v1.6.1 Font defs for Latin Modern
) (./IntroLM.aux)
\openout1 = `IntroLM.aux'.

LaTeX Font Info:    Checking defaults for OML/cmm/m/it on input line 206.
LaTeX Font Info:    ... okay on input line 206.
LaTeX Font Info:    Checking defaults for OMS/cmsy/m/n on input line 206.
LaTeX Font Info:    ... okay on input line 206.
LaTeX Font Info:    Checking defaults for OT1/cmr/m/n on input line 206.
LaTeX Font Info:    ... okay on input line 206.
LaTeX Font Info:    Checking defaults for T1/cmr/m/n on input line 206.
LaTeX Font Info:    ... okay on input line 206.
LaTeX Font Info:    Checking defaults for TS1/cmr/m/n on input line 206.
LaTeX Font Info:    ... okay on input line 206.
LaTeX Font Info:    Checking defaults for OMX/cmex/m/n on input line 206.
LaTeX Font Info:    ... okay on input line 206.
LaTeX Font Info:    Checking defaults for U/cmr/m/n on input line 206.
LaTeX Font Info:    ... okay on input line 206.
LaTeX Font Info:    Checking defaults for PD1/pdf/m/n on input line 206.
LaTeX Font Info:    ... okay on input line 206.
LaTeX Font Info:    Checking defaults for PU/pdf/m/n on input line 206.
LaTeX Font Info:    ... okay on input line 206.

*geometry* driver: auto-detecting
*geometry* detected driver: pdftex
*geometry* verbose mode - [ preamble ] result:
* driver: pdftex
* paper: custom
* layout: <same size as paper>
* layoutoffset:(h,v)=(0.0pt,0.0pt)
* modes: includehead includefoot 
* h-part:(L,W,R)=(28.45274pt, 307.28987pt, 28.45274pt)
* v-part:(T,H,B)=(0.0pt, 273.14662pt, 0.0pt)
* \paperwidth=364.19536pt
* \paperheight=273.14662pt
* \textwidth=307.28987pt
* \textheight=244.6939pt
* \oddsidemargin=-43.81725pt
* \evensidemargin=-43.81725pt
* \topmargin=-72.26999pt
* \headheight=14.22636pt
* \headsep=0.0pt
* \topskip=11.0pt
* \footskip=14.22636pt
* \marginparwidth=4.0pt
* \marginparsep=10.0pt
* \columnsep=10.0pt
* \skip\footins=10.0pt plus 4.0pt minus 2.0pt
* \hoffset=0.0pt
* \voffset=0.0pt
* \mag=1000
* \@twocolumnfalse
* \@twosidefalse
* \@mparswitchfalse
* \@reversemarginfalse
* (1in=72.27pt=25.4mm, 1cm=28.453pt)

(/home/bertv/.TinyTeX/texmf-dist/tex/latex/epstopdf-pkg/epstopdf-base.sty
Package: epstopdf-base 2020-01-24 v2.11 Base part for package epstopdf
Package epstopdf-base Info: Redefining graphics rule for `.eps' on input line 485.
 (/home/bertv/.TinyTeX/texmf-dist/tex/latex/latexconfig/epstopdf-sys.cfg
File: epstopdf-sys.cfg 2010/07/13 v1.3 Configuration of (r)epstopdf for TeX Live
))
Package hyperref Info: Link coloring ON on input line 206.
LaTeX Font Info:    Overwriting symbol font `operators' in version `normal'
(Font)                  OT1/lmr/m/n --> OT1/cmss/m/n on input line 206.
LaTeX Font Info:    Overwriting symbol font `operators' in version `bold'
(Font)                  OT1/lmr/bx/n --> OT1/cmss/b/n on input line 206.
LaTeX Font Info:    Overwriting symbol font `operators' in version `normal'
(Font)                  OT1/cmss/m/n --> OT1/lmss/m/n on input line 206.
LaTeX Font Info:    Overwriting symbol font `operators' in version `bold'
(Font)                  OT1/cmss/b/n --> OT1/lmss/b/n on input line 206.
\symnumbers=\mathgroup6
\sympureletters=\mathgroup7
LaTeX Font Info:    Overwriting math alphabet `\mathrm' in version `normal'
(Font)                  OT1/lmss/m/n --> T1/lmr/m/n on input line 206.
LaTeX Font Info:    Redeclaring math alphabet \mathbf on input line 206.
LaTeX Font Info:    Overwriting math alphabet `\mathbf' in version `normal'
(Font)                  OT1/lmr/bx/n --> T1/lmss/b/n on input line 206.
LaTeX Font Info:    Overwriting math alphabet `\mathbf' in version `bold'
(Font)                  OT1/lmr/bx/n --> T1/lmss/b/n on input line 206.
LaTeX Font Info:    Redeclaring math alphabet \mathsf on input line 206.
LaTeX Font Info:    Overwriting math alphabet `\mathsf' in version `normal'
(Font)                  OT1/lmss/m/n --> T1/lmss/m/n on input line 206.
LaTeX Font Info:    Overwriting math alphabet `\mathsf' in version `bold'
(Font)                  OT1/lmss/bx/n --> T1/lmss/m/n on input line 206.
LaTeX Font Info:    Redeclaring math alphabet \mathit on input line 206.
LaTeX Font Info:    Overwriting math alphabet `\mathit' in version `normal'
(Font)                  OT1/lmr/m/it --> T1/lmss/m/it on input line 206.
LaTeX Font Info:    Overwriting math alphabet `\mathit' in version `bold'
(Font)                  OT1/lmr/bx/it --> T1/lmss/m/it on input line 206.
LaTeX Font Info:    Redeclaring math alphabet \mathtt on input line 206.
LaTeX Font Info:    Overwriting math alphabet `\mathtt' in version `normal'
(Font)                  OT1/lmtt/m/n --> T1/lmtt/m/n on input line 206.
LaTeX Font Info:    Overwriting math alphabet `\mathtt' in version `bold'
(Font)                  OT1/lmtt/m/n --> T1/lmtt/m/n on input line 206.
LaTeX Font Info:    Overwriting symbol font `numbers' in version `bold'
(Font)                  T1/lmss/m/n --> T1/lmss/b/n on input line 206.
LaTeX Font Info:    Overwriting symbol font `pureletters' in version `bold'
(Font)                  T1/lmss/m/it --> T1/lmss/b/it on input line 206.
LaTeX Font Info:    Overwriting math alphabet `\mathrm' in version `bold'
(Font)                  OT1/lmss/b/n --> T1/lmr/b/n on input line 206.
LaTeX Font Info:    Overwriting math alphabet `\mathbf' in version `bold'
(Font)                  T1/lmss/b/n --> T1/lmss/b/n on input line 206.
LaTeX Font Info:    Overwriting math alphabet `\mathsf' in version `bold'
(Font)                  T1/lmss/m/n --> T1/lmss/b/n on input line 206.
LaTeX Font Info:    Overwriting math alphabet `\mathit' in version `bold'
(Font)                  T1/lmss/m/it --> T1/lmss/b/it on input line 206.
LaTeX Font Info:    Overwriting math alphabet `\mathtt' in version `bold'
(Font)                  T1/lmtt/m/n --> T1/lmtt/b/n on input line 206.
 (/home/bertv/.TinyTeX/texmf-dist/tex/latex/translator/translator-basic-dictionary-English.dict
Dictionary: translator-basic-dictionary, Language: English 
) (/home/bertv/.TinyTeX/texmf-dist/tex/latex/translator/translator-bibliography-dictionary-English.dict
Dictionary: translator-bibliography-dictionary, Language: English 
) (/home/bertv/.TinyTeX/texmf-dist/tex/latex/translator/translator-environment-dictionary-English.dict
Dictionary: translator-environment-dictionary, Language: English 
) (/home/bertv/.TinyTeX/texmf-dist/tex/latex/translator/translator-months-dictionary-English.dict
Dictionary: translator-months-dictionary, Language: English 
) (/home/bertv/.TinyTeX/texmf-dist/tex/latex/translator/translator-numbers-dictionary-English.dict
Dictionary: translator-numbers-dictionary, Language: English 
) (/home/bertv/.TinyTeX/texmf-dist/tex/latex/translator/translator-theorem-dictionary-English.dict
Dictionary: translator-theorem-dictionary, Language: English 
) (./IntroLM.nav)
LaTeX Font Info:    Trying to load font information for OT1+lmss on input line 206.
 (/home/bertv/.TinyTeX/texmf-dist/tex/latex/lm/ot1lmss.fd
File: ot1lmss.fd 2015/05/01 v1.6.1 Font defs for Latin Modern
)
LaTeX Font Info:    Trying to load font information for OML+lmm on input line 206.
 (/home/bertv/.TinyTeX/texmf-dist/tex/latex/lm/omllmm.fd
File: omllmm.fd 2015/05/01 v1.6.1 Font defs for Latin Modern
)
LaTeX Font Info:    Trying to load font information for OMS+lmsy on input line 206.
 (/home/bertv/.TinyTeX/texmf-dist/tex/latex/lm/omslmsy.fd
File: omslmsy.fd 2015/05/01 v1.6.1 Font defs for Latin Modern
)
LaTeX Font Info:    Trying to load font information for OMX+lmex on input line 206.
 (/home/bertv/.TinyTeX/texmf-dist/tex/latex/lm/omxlmex.fd
File: omxlmex.fd 2015/05/01 v1.6.1 Font defs for Latin Modern
)
LaTeX Font Info:    External font `lmex10' loaded for size
(Font)              <6> on input line 206.
LaTeX Font Info:    External font `lmex10' loaded for size
(Font)              <5> on input line 206.
LaTeX Font Info:    Trying to load font information for U+msa on input line 206.
 (/home/bertv/.TinyTeX/texmf-dist/tex/latex/amsfonts/umsa.fd
File: umsa.fd 2013/01/14 v3.01 AMS symbols A
)
LaTeX Font Info:    Trying to load font information for U+msb on input line 206.
 (/home/bertv/.TinyTeX/texmf-dist/tex/latex/amsfonts/umsb.fd
File: umsb.fd 2013/01/14 v3.01 AMS symbols B
)
LaTeX Font Info:    Font shape `T1/lmss/m/it' in size <6> not available
(Font)              Font shape `T1/lmss/m/sl' tried instead on input line 206.
LaTeX Font Info:    Font shape `T1/lmss/m/it' in size <5> not available
(Font)              Font shape `T1/lmss/m/sl' tried instead on input line 206.
 [1{/home/bertv/.TinyTeX/texmf-var/fonts/map/pdftex/updmap/pdftex.map}{/home/bertv/.TinyTeX/texmf-dist/fonts/enc/dvips/lm/lm-ec.enc}{/home/bertv/.TinyTeX/texmf-dist/fonts/enc/dvips/lm/lm-mathsy.enc}{/home/bertv/.TinyTeX/texmf-dist/fonts/enc/dvips/lm/lm-rm.enc}{/home/bertv/.TinyTeX/texmf-dist/fonts/enc/dvips/lm/lm-mathit.enc}

]
\openout4 = `IntroLM.vrb'.

 (./IntroLM.vrb
LaTeX Font Info:    Trying to load font information for T1+lmtt on input line 6.
 (/home/bertv/.TinyTeX/texmf-dist/tex/latex/lm/t1lmtt.fd
File: t1lmtt.fd 2015/05/01 v1.6.1 Font defs for Latin Modern
)
LaTeX Font Info:    Font shape `T1/lmtt/bx/n' in size <10.95> not available
(Font)              Font shape `T1/lmtt/b/n' tried instead on input line 7.

Overfull \hbox (28.45274pt too wide) in paragraph at lines 13--13
[]  
 []

<IntroLM_files/IntroLM_files/figure-beamer/unnamed-chunk-2-1.pdf, id=279, 722.7pt x 505.89pt>
File: IntroLM_files/IntroLM_files/figure-beamer/unnamed-chunk-2-1.pdf Graphic file (type pdf)
<use IntroLM_files/IntroLM_files/figure-beamer/unnamed-chunk-2-1.pdf>
Package pdftex.def Info: IntroLM_files/IntroLM_files/figure-beamer/unnamed-chunk-2-1.pdf  used on input line 18.
(pdftex.def)             Requested size: 722.69823pt x 505.88875pt.
LaTeX Font Info:    External font `lmex10' loaded for size
(Font)              <10.95> on input line 19.
LaTeX Font Info:    External font `lmex10' loaded for size
(Font)              <8> on input line 19.
LaTeX Font Info:    Font shape `T1/lmss/m/it' in size <10.95> not available
(Font)              Font shape `T1/lmss/m/sl' tried instead on input line 19.
LaTeX Font Info:    Font shape `T1/lmss/m/it' in size <8> not available
(Font)              Font shape `T1/lmss/m/sl' tried instead on input line 19.
<IntroLM_files/grassland.jpeg, id=280, 1148.79187pt x 769.07326pt>
File: IntroLM_files/grassland.jpeg Graphic file (type jpg)
<use IntroLM_files/grassland.jpeg>
Package pdftex.def Info: IntroLM_files/grassland.jpeg  used on input line 20.
(pdftex.def)             Requested size: 1148.78906pt x 769.07138pt.
) [2

 <./IntroLM_files/IntroLM_files/figure-beamer/unnamed-chunk-2-1.pdf> <./IntroLM_files/grassland.jpeg>]
\openout4 = `IntroLM.vrb'.

 (./IntroLM.vrb
Overfull \hbox (28.45274pt too wide) in paragraph at lines 13--13
[]  
 []

<IntroLM_files/IntroLM_files/figure-beamer/unnamed-chunk-4-1.pdf, id=426, 722.7pt x 505.89pt>
File: IntroLM_files/IntroLM_files/figure-beamer/unnamed-chunk-4-1.pdf Graphic file (type pdf)
<use IntroLM_files/IntroLM_files/figure-beamer/unnamed-chunk-4-1.pdf>
Package pdftex.def Info: IntroLM_files/IntroLM_files/figure-beamer/unnamed-chunk-4-1.pdf  used on input line 18.
(pdftex.def)             Requested size: 722.69823pt x 505.88875pt.
File: IntroLM_files/grassland.jpeg Graphic file (type jpg)
<use IntroLM_files/grassland.jpeg>
Package pdftex.def Info: IntroLM_files/grassland.jpeg  used on input line 20.
(pdftex.def)             Requested size: 1148.78906pt x 769.07138pt.
) [3

 <./IntroLM_files/IntroLM_files/figure-beamer/unnamed-chunk-4-1.pdf>] [4

]
<IntroLM_files/IntroLM_files/figure-beamer/unnamed-chunk-5-1.pdf, id=620, 722.7pt x 505.89pt>
File: IntroLM_files/IntroLM_files/figure-beamer/unnamed-chunk-5-1.pdf Graphic file (type pdf)
<use IntroLM_files/IntroLM_files/figure-beamer/unnamed-chunk-5-1.pdf>
Package pdftex.def Info: IntroLM_files/IntroLM_files/figure-beamer/unnamed-chunk-5-1.pdf  used on input line 269.
(pdftex.def)             Requested size: 722.69823pt x 505.88875pt.

Overfull \vbox (12.08601pt too high) detected at line 269
 []

[5

 <./IntroLM_files/IntroLM_files/figure-beamer/unnamed-chunk-5-1.pdf>]
<IntroLM_files/normal.jpeg, id=718, 451.6875pt x 602.25pt>
File: IntroLM_files/normal.jpeg Graphic file (type jpg)
<use IntroLM_files/normal.jpeg>
Package pdftex.def Info: IntroLM_files/normal.jpeg  used on input line 281.
(pdftex.def)             Requested size: 451.68639pt x 602.24852pt.
 [6

 <./IntroLM_files/normal.jpeg>] [7

{/home/bertv/.TinyTeX/texmf-dist/fonts/enc/dvips/lm/lm-mathex.enc}] [8

]
LaTeX Font Info:    External font `lmex10' loaded for size
(Font)              <14.4> on input line 329.
LaTeX Font Info:    External font `lmex10' loaded for size
(Font)              <10> on input line 329.
LaTeX Font Info:    External font `lmex10' loaded for size
(Font)              <7> on input line 329.
LaTeX Font Info:    Font shape `T1/lmss/m/it' in size <14.4> not available
(Font)              Font shape `T1/lmss/m/sl' tried instead on input line 329.
LaTeX Font Info:    Font shape `T1/lmss/m/it' in size <10> not available
(Font)              Font shape `T1/lmss/m/sl' tried instead on input line 329.
LaTeX Font Info:    Font shape `T1/lmss/m/it' in size <7> not available
(Font)              Font shape `T1/lmss/m/sl' tried instead on input line 329.
 [9

] [10

] [11

]
<IntroLM_files/IntroLM_files/figure-beamer/unnamed-chunk-6-1.pdf, id=1277, 722.7pt x 505.89pt>
File: IntroLM_files/IntroLM_files/figure-beamer/unnamed-chunk-6-1.pdf Graphic file (type pdf)
<use IntroLM_files/IntroLM_files/figure-beamer/unnamed-chunk-6-1.pdf>
Package pdftex.def Info: IntroLM_files/IntroLM_files/figure-beamer/unnamed-chunk-6-1.pdf  used on input line 371.
(pdftex.def)             Requested size: 722.69823pt x 505.88875pt.

Overfull \vbox (12.08601pt too high) detected at line 371
 []

[12

 <./IntroLM_files/IntroLM_files/figure-beamer/unnamed-chunk-6-1.pdf>]
\openout4 = `IntroLM.vrb'.

 (./IntroLM.vrb
LaTeX Font Info:    Font shape `T1/lmtt/bx/n' in size <6> not available
(Font)              Font shape `T1/lmtt/b/n' tried instead on input line 11.

Overfull \hbox (28.45274pt too wide) in paragraph at lines 18--18
[]  
 []


Overfull \hbox (28.45274pt too wide) in paragraph at lines 36--36
[]  
 []

) [13

]
<IntroLM_files/alaskapipeline.jpg, id=1512, 2569.6pt x 1713.40125pt>
File: IntroLM_files/alaskapipeline.jpg Graphic file (type jpg)
<use IntroLM_files/alaskapipeline.jpg>
Package pdftex.def Info: IntroLM_files/alaskapipeline.jpg  used on input line 424.
(pdftex.def)             Requested size: 2569.59377pt x 1713.39708pt.

Overfull \vbox (53.94836pt too high) detected at line 424
 []

[14

 <./IntroLM_files/alaskapipeline.jpg>]
Overfull \hbox (28.45274pt too wide) in paragraph at lines 465--465
[]  
 []

[15

]
\openout4 = `IntroLM.vrb'.

 (./IntroLM.vrb
Overfull \hbox (28.45274pt too wide) in paragraph at lines 12--12
[]  
 []

) [16

]
\openout4 = `IntroLM.vrb'.

 (./IntroLM.vrb
Overfull \hbox (26.90628pt too wide) in paragraph at lines 11--11
[]\T1/lmtt/m/n/10 ## data:  alaska.pipeline$field.defect and alaska.pipeline$lab.defect[] 
 []


Overfull \hbox (5.90634pt too wide) in paragraph at lines 13--13
[]\T1/lmtt/m/n/10 ## alternative hypothesis: true mean difference is not equal to 0[] 
 []


Overfull \hbox (28.45274pt too wide) in paragraph at lines 21--21
[]  
 []

) [17

]
<IntroLM_files/IntroLM_files/figure-beamer/unnamed-chunk-11-1.pdf, id=1967, 722.7pt x 505.89pt>
File: IntroLM_files/IntroLM_files/figure-beamer/unnamed-chunk-11-1.pdf Graphic file (type pdf)
<use IntroLM_files/IntroLM_files/figure-beamer/unnamed-chunk-11-1.pdf>
Package pdftex.def Info: IntroLM_files/IntroLM_files/figure-beamer/unnamed-chunk-11-1.pdf  used on input line 507.
(pdftex.def)             Requested size: 722.69823pt x 505.88875pt.

Overfull \vbox (12.08601pt too high) detected at line 507
 []

[18

 <./IntroLM_files/IntroLM_files/figure-beamer/unnamed-chunk-11-1.pdf>]
<IntroLM_files/xy.png, id=2064, 498.86375pt x 333.245pt>
File: IntroLM_files/xy.png Graphic file (type png)
<use IntroLM_files/xy.png>
Package pdftex.def Info: IntroLM_files/xy.png  used on input line 538.
(pdftex.def)             Requested size: 498.86253pt x 333.24417pt.
 [19

 <./IntroLM_files/xy.png>] [20

] [21

] [22

]
<IntroLM_files/IntroLM_files/figure-beamer/unnamed-chunk-12-1.pdf, id=2436, 722.7pt x 325.215pt>
File: IntroLM_files/IntroLM_files/figure-beamer/unnamed-chunk-12-1.pdf Graphic file (type pdf)
<use IntroLM_files/IntroLM_files/figure-beamer/unnamed-chunk-12-1.pdf>
Package pdftex.def Info: IntroLM_files/IntroLM_files/figure-beamer/unnamed-chunk-12-1.pdf  used on input line 616.
(pdftex.def)             Requested size: 722.69823pt x 325.2142pt.
 [23

 <./IntroLM_files/IntroLM_files/figure-beamer/unnamed-chunk-12-1.pdf>]
<IntroLM_files/IntroLM_files/figure-beamer/unnamed-chunk-13-1.pdf, id=2535, 722.7pt x 325.215pt>
File: IntroLM_files/IntroLM_files/figure-beamer/unnamed-chunk-13-1.pdf Graphic file (type pdf)
<use IntroLM_files/IntroLM_files/figure-beamer/unnamed-chunk-13-1.pdf>
Package pdftex.def Info: IntroLM_files/IntroLM_files/figure-beamer/unnamed-chunk-13-1.pdf  used on input line 629.
(pdftex.def)             Requested size: 722.69823pt x 325.2142pt.
 [24

 <./IntroLM_files/IntroLM_files/figure-beamer/unnamed-chunk-13-1.pdf>] [25

] [26

] [27

]
\openout4 = `IntroLM.vrb'.

 (./IntroLM.vrb
Overfull \hbox (28.45274pt too wide) in paragraph at lines 18--18
[]  
 []


Overfull \hbox (28.45274pt too wide) in paragraph at lines 32--32
[]  
 []

) [28

]
<IntroLM_files/IntroLM_files/figure-beamer/reg-1.pdf, id=3001, 722.7pt x 325.215pt>
File: IntroLM_files/IntroLM_files/figure-beamer/reg-1.pdf Graphic file (type pdf)
<use IntroLM_files/IntroLM_files/figure-beamer/reg-1.pdf>
Package pdftex.def Info: IntroLM_files/IntroLM_files/figure-beamer/reg-1.pdf  used on input line 707.
(pdftex.def)             Requested size: 722.69823pt x 325.2142pt.
 [29

 <./IntroLM_files/IntroLM_files/figure-beamer/reg-1.pdf>]
<IntroLM_files/IntroLM_files/figure-beamer/reg2-1.pdf, id=3100, 722.7pt x 325.215pt>
File: IntroLM_files/IntroLM_files/figure-beamer/reg2-1.pdf Graphic file (type pdf)
<use IntroLM_files/IntroLM_files/figure-beamer/reg2-1.pdf>
Package pdftex.def Info: IntroLM_files/IntroLM_files/figure-beamer/reg2-1.pdf  used on input line 723.
(pdftex.def)             Requested size: 722.69823pt x 325.2142pt.
 [30

 <./IntroLM_files/IntroLM_files/figure-beamer/reg2-1.pdf>]
\openout4 = `IntroLM.vrb'.

 (./IntroLM.vrb
LaTeX Font Info:    Font shape `T1/lmtt/bx/n' in size <10> not available
(Font)              Font shape `T1/lmtt/b/n' tried instead on input line 17.

Overfull \hbox (28.45274pt too wide) in paragraph at lines 21--21
[]  
 []


Overfull \hbox (11.15633pt too wide) in paragraph at lines 28--28
[]\T1/lmtt/m/n/10 ## lm(formula = lab.defect ~ field.defect, data = alaska.pipeline)[] 
 []


Overfull \hbox (28.45274pt too wide) in paragraph at lines 35--35
[]  
 []

) [31

] (./IntroLM.vrb
Overfull \hbox (28.45274pt too wide) in paragraph at lines 21--21
[]  
 []


Overfull \hbox (11.15633pt too wide) in paragraph at lines 28--28
[]\T1/lmtt/m/n/10 ## lm(formula = lab.defect ~ field.defect, data = alaska.pipeline)[] 
 []


Overfull \hbox (28.45274pt too wide) in paragraph at lines 35--35
[]  
 []

) [32

]
<IntroLM_files/IntroLM_files/figure-beamer/norm2-1.pdf, id=3382, 722.7pt x 505.89pt>
File: IntroLM_files/IntroLM_files/figure-beamer/norm2-1.pdf Graphic file (type pdf)
<use IntroLM_files/IntroLM_files/figure-beamer/norm2-1.pdf>
Package pdftex.def Info: IntroLM_files/IntroLM_files/figure-beamer/norm2-1.pdf  used on input line 765.
(pdftex.def)             Requested size: 722.69823pt x 505.88875pt.

Overfull \vbox (12.08601pt too high) detected at line 765
 []

[33

 <./IntroLM_files/IntroLM_files/figure-beamer/norm2-1.pdf>]
<IntroLM_files/IntroLM_files/figure-beamer/norm-1.pdf, id=3480, 722.7pt x 361.35pt>
File: IntroLM_files/IntroLM_files/figure-beamer/norm-1.pdf Graphic file (type pdf)
<use IntroLM_files/IntroLM_files/figure-beamer/norm-1.pdf>
Package pdftex.def Info: IntroLM_files/IntroLM_files/figure-beamer/norm-1.pdf  used on input line 773.
(pdftex.def)             Requested size: 722.69823pt x 361.34912pt.
 [34

 <./IntroLM_files/IntroLM_files/figure-beamer/norm-1.pdf>] [35

] [36

] [37

] [38

]
/home/bertv/github/GLM-workshop/1Monday/IntroLM.tex:858: Undefined control sequence.
\beamer@doifinframe ...kelihood estimation \emoji 
                                                  {smile} \end {itemize} \pa...
l.858 \end{frame}
                 
The control sequence at the end of the top line
of your error message was never \def'ed. If you have
misspelled it (e.g., `\hobx'), type `I' and the correct
spelling (e.g., `I\hbox'). Otherwise just continue,
and I'll forget about whatever was undefined.

[39

] [40

]
\openout4 = `IntroLM.vrb'.

 (./IntroLM.vrb) [41

] [42

]
\tf@nav=\write6
\openout6 = `IntroLM.nav'.

\tf@toc=\write7
\openout7 = `IntroLM.toc'.

\tf@snm=\write8
\openout8 = `IntroLM.snm'.

 (./IntroLM.aux)
 ***********
LaTeX2e <2025-11-01>
L3 programming layer <2026-05-15>
 ***********
 ) 
Here is how much of TeX's memory you used:
 31554 strings out of 469330
 642963 string characters out of 5466222
 1112067 words of memory out of 5000000
 59621 multiletter control sequences out of 15000+600000
 708657 words of font info for 106 fonts, out of 8000000 for 9000
 14 hyphenation exceptions out of 8191
 101i,19n,112p,552b,1010s stack positions out of 10000i,1000n,20000p,200000b,200000s
</home/bertv/.TinyTeX/texmf-dist/fonts/type1/public/lm/lmex10.pfb></home/bertv/.TinyTeX/texmf-dist/fonts/type1/public/lm/lmmi10.pfb></home/bertv/.TinyTeX/texmf-dist/fonts/type1/public/lm/lmmi12.pfb></home/bertv/.TinyTeX/texmf-dist/fonts/type1/public/lm/lmmi6.pfb></home/bertv/.TinyTeX/texmf-dist/fonts/type1/public/lm/lmss10.pfb></home/bertv/.TinyTeX/texmf-dist/fonts/type1/public/lm/lmss12.pfb></home/bertv/.TinyTeX/texmf-dist/fonts/type1/public/lm/lmss8.pfb></home/bertv/.TinyTeX/texmf-dist/fonts/type1/public/lm/lmssbx10.pfb></home/bertv/.TinyTeX/texmf-dist/fonts/type1/public/lm/lmsso10.pfb></home/bertv/.TinyTeX/texmf-dist/fonts/type1/public/lm/lmsso12.pfb></home/bertv/.TinyTeX/texmf-dist/fonts/type1/public/lm/lmsso8.pfb></home/bertv/.TinyTeX/texmf-dist/fonts/type1/public/lm/lmsy10.pfb></home/bertv/.TinyTeX/texmf-dist/fonts/type1/public/lm/lmsy6.pfb></home/bertv/.TinyTeX/texmf-dist/fonts/type1/public/lm/lmsy8.pfb></home/bertv/.TinyTeX/texmf-dist/fonts/type1/public/lm/lmtk10.pfb></home/bertv/.TinyTeX/texmf-dist/fonts/type1/public/lm/lmtt10.pfb></home/bertv/.TinyTeX/texmf-dist/fonts/type1/public/lm/lmtt12.pfb></home/bertv/.TinyTeX/texmf-dist/fonts/type1/public/lm/lmtt8.pfb></home/bertv/.TinyTeX/texmf-dist/fonts/type1/public/lm/lmtti10.pfb></home/bertv/.TinyTeX/texmf-dist/fonts/type1/public/amsfonts/symbols/msam10.pfb></home/bertv/.TinyTeX/texmf-dist/fonts/type1/public/amsfonts/symbols/msbm10.pfb>
Output written on IntroLM.pdf (42 pages, 9743379 bytes).
PDF statistics:
 4454 PDF objects out of 5155 (max. 8388607)
 2202 compressed objects within 23 object streams
 128 named destinations out of 1000 (max. 500000)
 150 words of extra memory for PDF output out of 10000 (max. 10000000)

